
Subroutine FCKTES in file abacus/herdirect.F was already defined in file abacus/herdirect.F
Subroutine CC3_ABMATT3ZU in file cc/cc3_fbmatt3zu.F was already defined in file cc/cc3_abmatt3zu.F
Subroutine CC3_AMATT3ZU in file cc/cc3_fbmatt3zu.F was already defined in file cc/cc3_abmatt3zu.F
Subroutine CC3_AMATT3ZUVIR in file cc/cc3_fbmatt3zu.F was already defined in file cc/cc3_abmatt3zu.F
Subroutine CC3_AMATT3ZUOCC in file cc/cc3_fbmatt3zu.F was already defined in file cc/cc3_abmatt3zu.F
Subroutine CC3_BMATT3ZU in file cc/cc3_fbmatt3zu.F was already defined in file cc/cc3_abmatt3zu.F
Subroutine CCSDT_T3AM in file cc/cc_fop3.F was already defined in file cc/cc3_trip.F
Subroutine CCSD_DIIS in file cc/ccsd_diis.F was already defined in file cc/ccsd_diis.F
Subroutine LUS in file cc/ccsd_diis.F was already defined in file cc/ccsd_diis.F
Subroutine LU in file cc/ccsd_diis.F was already defined in file cc/ccsd_diis.F
Subroutine SMXPY in file cc/ccsd_diis.F was already defined in file cc/ccsd_diis.F
Subroutine SXMPY in file cc/ccsd_diis.F was already defined in file cc/ccsd_diis.F
Subroutine F04ATF in file cc/ccsd_diis.F was already defined in file cc/ccsd_diis.F
Subroutine CCSDT_GMAT_NODDY in file cc/ccsdt_g_noddy.F was already defined in file cc/cc_gmat.F
Subroutine CCSDT_TRAN1 in file cc/ccsd_triple.F was already defined in file cc/cc_fop3.F
Subroutine CCSDT_TRAN2 in file cc/ccsd_triple.F was already defined in file cc/cc_fop3.F
Subroutine CCSDT_OMEGA1 in file cc/ccsd_triple.F was already defined in file cc/cc_fop3.F
Subroutine CCSDT_TRAN3 in file cc/ccsd_triple.F was already defined in file cc/cc_fop3.F
Subroutine DFTPAR in file dft/dftpar.F was already defined in file dft/dft_old.F
Subroutine DFT_NODSTR in file dft/dftpar.F was already defined in file dft/dft_old.F
Subroutine DFTMPIDAT in file dft/dftpar.F was already defined in file dft/dft_old.F
Subroutine UPDTENE in file dft/dftpar.F was already defined in file dft/dft_old.F
Subroutine UPDTGRD in file dft/dftpar.F was already defined in file dft/dft_old.F
Subroutine ISUSEDASINTEGRALGENERATOR in file Doc/ccgeneral.tex was already defined in file Doc_cc/ccgeneral.tex
Subroutine MXM in file gp/mxmpack.F was already defined in file gp/mxmpack.F
Subroutine MXMD in file gp/mxmpack.F was already defined in file gp/mxmpack.F
Subroutine MXMD in file gp/mxmpack.F was already defined in file gp/mxmpack.F
Subroutine DAXPY in file pdpack/gp_blas.F was already defined in file cc/cc_cray.F
Subroutine DSCAL in file pdpack/gp_blas.F was already defined in file cc/cc_cray.F
Subroutine DSWAP in file pdpack/gp_blas.F was already defined in file cc/cc_cray.F
Subroutine DCOPY in file pdpack/gp_blas.F was already defined in file cc/cc_cray.F
Subroutine DGEMV in file pdpack/gp_blas.F was already defined in file cc/cc_cray.F
Subroutine DGEMM in file pdpack/gp_blas.F was already defined in file cc/cc_cray.F
Subroutine DGEEV in file pdpack/gp_lapack.F was already defined in file cc/cc_lanczos_dgeev_zgeev.F
Subroutine POLVAL in file rsp/rspc8.F was already defined in file dft/dft_grid.F
Subroutine INVMAT in file rsp/rspc8.F was already defined in file gp/gplucia.F
Subroutine BNDINV in file rsp/rspc8.F was already defined in file gp/gplucia.F
Subroutine POLPRI in file tools/purevibcme.F was already defined in file abacus/abadip.F
Subroutine HEADER in file tools/purevibcme.F was already defined in file gp/gptrygve.F
Subroutine TITLER in file tools/purevibcme.F was already defined in file gp/gptrygve.F
Subroutine DZERO in file tools/purevibcme.F was already defined in file pdpack/linextra.F